Unity Editor version:    2021.3.14f1 (eee1884e7226)
Branch:                  2021.3/staging
Build type:              Release
Batch mode:              YES
macOS version:           Version 13.6.1 (Build 22G313)
Darwin version:          22.6.0
Architecture:            arm64
Running under Rosetta:   NO
Available memory:        16384 MB
Using pre-set license
Pro License: YES

COMMAND LINE ARGUMENTS:
/Applications/Unity/Hub/Editor/2021.3.14f1/Unity.app/Contents/MacOS/Unity
-adb2
-batchMode
-noUpm
-name
AssetImportWorker0
-projectPath
/Users/liaoyanxuan/GitProject/overseaKlotskik/unblockKlotski
-logFile
Logs/AssetImportWorker0.log
-srvPort
65179
Successfully changed project path to: /Users/liaoyanxuan/GitProject/overseaKlotskik/unblockKlotski
/Users/liaoyanxuan/GitProject/overseaKlotskik/unblockKlotski
[UnityMemory] Configuration Parameters - Can be set up in boot.config
    "memorysetup-bucket-allocator-granularity=16"
    "memorysetup-bucket-allocator-bucket-count=8"
    "memorysetup-bucket-allocator-block-size=33554432"
    "memorysetup-bucket-allocator-block-count=8"
    "memorysetup-main-allocator-block-size=16777216"
    "memorysetup-thread-allocator-block-size=16777216"
    "memorysetup-gfx-main-allocator-block-size=16777216"
    "memorysetup-gfx-thread-allocator-block-size=16777216"
    "memorysetup-cache-allocator-block-size=4194304"
    "memorysetup-typetree-allocator-block-size=2097152"
    "memorysetup-profiler-bucket-allocator-granularity=16"
    "memorysetup-profiler-bucket-allocator-bucket-count=8"
    "memorysetup-profiler-bucket-allocator-block-size=33554432"
    "memorysetup-profiler-bucket-allocator-block-count=8"
    "memorysetup-profiler-allocator-block-size=16777216"
    "memorysetup-profiler-editor-allocator-block-size=1048576"
    "memorysetup-temp-allocator-size-main=16777216"
    "memorysetup-job-temp-allocator-block-size=2097152"
    "memorysetup-job-temp-allocator-block-size-background=1048576"
    "memorysetup-job-temp-allocator-reduction-small-platforms=262144"
    "memorysetup-temp-allocator-size-background-worker=32768"
    "memorysetup-temp-allocator-size-job-worker=262144"
    "memorysetup-temp-allocator-size-preload-manager=33554432"
    "memorysetup-temp-allocator-size-nav-mesh-worker=65536"
    "memorysetup-temp-allocator-size-audio-worker=65536"
    "memorysetup-temp-allocator-size-cloud-worker=32768"
    "memorysetup-temp-allocator-size-gi-baking-worker=262144"
    "memorysetup-temp-allocator-size-gfx=262144"
Refreshing native plugins compatible for Editor in 33.11 ms, found 1 plugins.
Preloading 0 native plugins for Editor in 0.00 ms.
Initialize engine version: 2021.3.14f1 (eee1884e7226)
[Subsystems] Discovering subsystems at path /Applications/Unity/Hub/Editor/2021.3.14f1/Unity.app/Contents/Resources/UnitySubsystems
[Subsystems] Discovering subsystems at path /Users/liaoyanxuan/GitProject/overseaKlotskik/unblockKlotski/Assets
GfxDevice: creating device client; threaded=0; jobified=0
 preferred device: Apple M2 (high power)
Metal devices available: 1
0: Apple M2 (high power)
Using device Apple M2 (high power)
Initializing Metal device caps: Apple M2
Initialize mono
Mono path[0] = '/Applications/Unity/Hub/Editor/2021.3.14f1/Unity.app/Contents/Managed'
Mono path[1] = '/Applications/Unity/Hub/Editor/2021.3.14f1/Unity.app/Contents/MonoBleedingEdge/lib/mono/unityjit-macos'
Mono config path = '/Applications/Unity/Hub/Editor/2021.3.14f1/Unity.app/Contents/MonoBleedingEdge/etc'
Using monoOptions --debugger-agent=transport=dt_socket,embedding=1,server=y,suspend=n,address=127.0.0.1:56760
Begin MonoManager ReloadAssembly
Registering precompiled unity dll's ...
Register platform support module: /Applications/Unity/Hub/Editor/2021.3.14f1/Unity.app/Contents/PlaybackEngines/MacStandaloneSupport/UnityEditor.OSXStandalone.Extensions.dll
Register platform support module: /Applications/Unity/Hub/Editor/2021.3.14f1/PlaybackEngines/AndroidPlayer/UnityEditor.Android.Extensions.dll
Register platform support module: /Applications/Unity/Hub/Editor/2021.3.14f1/PlaybackEngines/iOSSupport/UnityEditor.iOS.Extensions.dll
Registered in 0.001839 seconds.
[usbmuxd] Start listen thread
[usbmuxd] Listen thread started
[usbmuxd] Send listen message
Native extension for iOS target not found
Native extension for Android target not found
Native extension for OSXStandalone target not found
Refreshing native plugins compatible for Editor in 27.75 ms, found 1 plugins.
Preloading 0 native plugins for Editor in 0.00 ms.
Mono: successfully reloaded assembly
- Completed reload, in  0.406 seconds
Domain Reload Profiling:
	ReloadAssembly (407ms)
		BeginReloadAssembly (55ms)
			ExecutionOrderSort (0ms)
			DisableScriptedObjects (0ms)
			BackupInstance (0ms)
			ReleaseScriptingObjects (0ms)
			CreateAndSetChildDomain (0ms)
		EndReloadAssembly (288ms)
			LoadAssemblies (56ms)
			RebuildTransferFunctionScriptingTraits (0ms)
			SetupTypeCache (71ms)
			ReleaseScriptCaches (0ms)
			RebuildScriptCaches (19ms)
			SetupLoadedEditorAssemblies (170ms)
				LogAssemblyErrors (0ms)
				InitializePlatformSupportModulesInManaged (71ms)
				SetLoadedEditorAssemblies (0ms)
				RefreshPlugins (28ms)
				BeforeProcessingInitializeOnLoad (1ms)
				ProcessInitializeOnLoadAttributes (45ms)
				ProcessInitializeOnLoadMethodAttributes (25ms)
				AfterProcessingInitializeOnLoad (0ms)
				EditorAssembliesLoaded (0ms)
			ExecutionOrderSort2 (0ms)
			AwakeInstancesAfterBackupRestoration (0ms)
Platform modules already initialized, skipping
Registering precompiled user dll's ...
Registered in 0.007426 seconds.
Begin MonoManager ReloadAssembly
Native extension for iOS target not found
Native extension for Android target not found
Native extension for OSXStandalone target not found
Refreshing native plugins compatible for Editor in 0.37 ms, found 1 plugins.
Preloading 0 native plugins for Editor in 0.00 ms.
Mono: successfully reloaded assembly
- Completed reload, in  0.668 seconds
Domain Reload Profiling:
	ReloadAssembly (669ms)
		BeginReloadAssembly (162ms)
			ExecutionOrderSort (0ms)
			DisableScriptedObjects (4ms)
			BackupInstance (0ms)
			ReleaseScriptingObjects (0ms)
			CreateAndSetChildDomain (120ms)
		EndReloadAssembly (438ms)
			LoadAssemblies (41ms)
			RebuildTransferFunctionScriptingTraits (0ms)
			SetupTypeCache (105ms)
			ReleaseScriptCaches (0ms)
			RebuildScriptCaches (35ms)
			SetupLoadedEditorAssemblies (232ms)
				LogAssemblyErrors (0ms)
				InitializePlatformSupportModulesInManaged (15ms)
				SetLoadedEditorAssemblies (0ms)
				RefreshPlugins (0ms)
				BeforeProcessingInitializeOnLoad (30ms)
				ProcessInitializeOnLoadAttributes (174ms)
				ProcessInitializeOnLoadMethodAttributes (12ms)
				AfterProcessingInitializeOnLoad (1ms)
				EditorAssembliesLoaded (0ms)
			ExecutionOrderSort2 (0ms)
			AwakeInstancesAfterBackupRestoration (2ms)
Platform modules already initialized, skipping
========================================================================
Worker process is ready to serve import requests
Launching external process: /Applications/Unity/Hub/Editor/2021.3.14f1/Unity.app/Contents/Tools/UnityShaderCompiler
Launched and connected shader compiler UnityShaderCompiler after 0.05 seconds
Refreshing native plugins compatible for Editor in 0.37 ms, found 1 plugins.
Preloading 0 native plugins for Editor in 0.00 ms.
Unloading 1838 Unused Serialized files (Serialized files now loaded: 0)
Unloading 54 unused Assets / (33.4 KB). Loaded Objects now: 2313.
Memory consumption went from 34.1 MB to 34.1 MB.
Total: 2.405750 ms (FindLiveObjects: 0.110875 ms CreateObjectMapping: 0.044917 ms MarkObjects: 2.203208 ms  DeleteObjects: 0.045500 ms)

AssetImportParameters requested are different than current active one (requested -> active):
  custom:video-decoder-ogg-theora: a1e56fd34408186e4bbccfd4996cb3dc -> 
  custom:container-muxer-webm: aa71ff27fc2769a1b78a27578f13a17b -> 
  custom:container-demuxer-webm: 4f35f7cbe854078d1ac9338744f61a02 -> 
  custom:video-encoder-webm-vp8: eb34c28f22e8b96e1ab97ce403110664 -> 
  custom:framework-osx-AVFoundation: e770b220cccbd017edd2c1fefb359320 -> 
  custom:audio-encoder-webm-vorbis: bf7c407c2cedff20999df2af8eb42d56 -> 
  custom:container-demuxer-ogg: 62fdf1f143b41e24485cea50d1cbac27 -> 
  custom:video-decoder-webm-vp8: 9c59270c3fd7afecdb556c50c9e8de78 -> 
  custom:audio-decoder-ogg-vorbis: bf7c407c2cedff20999df2af8eb42d56 -> 
========================================================================
Received Import Request.
  Time since last request: 21536.203693 seconds.
  path: Assets/lyxEngine/Editor/NativeLocale/iOS/zh-Hans-CN.lproj/InfoPlist.strings
  artifactKey: Guid(97b10b24edbe442fa959740014b3bb90) Importer(815301076,1909f56bfc062723c751e8b465ee728b)
Start importing Assets/lyxEngine/Editor/NativeLocale/iOS/zh-Hans-CN.lproj/InfoPlist.strings using Guid(97b10b24edbe442fa959740014b3bb90) Importer(815301076,1909f56bfc062723c751e8b465ee728b)  -> (artifact id: 'f4f82025be484865ebe59202d4ac0711') in 0.065626 seconds 
========================================================================
Received Import Request.
  Time since last request: 5333.154262 seconds.
  path: Assets/lyxEngine/Editor/NativeLocale/iOS/zh-Hant.lproj/InfoPlist.strings
  artifactKey: Guid(ff1ae2a415cda46a895a0c0aa6c43cb9) Importer(815301076,1909f56bfc062723c751e8b465ee728b)
Start importing Assets/lyxEngine/Editor/NativeLocale/iOS/zh-Hant.lproj/InfoPlist.strings using Guid(ff1ae2a415cda46a895a0c0aa6c43cb9) Importer(815301076,1909f56bfc062723c751e8b465ee728b)  -> (artifact id: '6c5b62e5d7f4ded8150a04affc952ab1') in 0.003954 seconds 
========================================================================
Received Import Request.
  Time since last request: 371.074309 seconds.
  path: Assets/lyxEngine/Editor/iOS/XCodePostProcess.cs
  artifactKey: Guid(25110e68724f84d029b1a383cfd790a2) Importer(815301076,1909f56bfc062723c751e8b465ee728b)
Start importing Assets/lyxEngine/Editor/iOS/XCodePostProcess.cs using Guid(25110e68724f84d029b1a383cfd790a2) Importer(815301076,1909f56bfc062723c751e8b465ee728b)  -> (artifact id: '34c31b3946a7af1a1aae79db490ba05f') in 0.209091 seconds 
========================================================================
Received Prepare
Registering precompiled user dll's ...
Registered in 0.002007 seconds.
Begin MonoManager ReloadAssembly
Thread 0x287263000 may have been prematurely finalized
Native extension for iOS target not found
Native extension for Android target not found
Native extension for OSXStandalone target not found
Refreshing native plugins compatible for Editor in 0.36 ms, found 1 plugins.
Preloading 0 native plugins for Editor in 0.00 ms.
Mono: successfully reloaded assembly
- Completed reload, in  0.513 seconds
Domain Reload Profiling:
	ReloadAssembly (513ms)
		BeginReloadAssembly (78ms)
			ExecutionOrderSort (0ms)
			DisableScriptedObjects (4ms)
			BackupInstance (0ms)
			ReleaseScriptingObjects (0ms)
			CreateAndSetChildDomain (28ms)
		EndReloadAssembly (382ms)
			LoadAssemblies (32ms)
			RebuildTransferFunctionScriptingTraits (0ms)
			SetupTypeCache (97ms)
			ReleaseScriptCaches (1ms)
			RebuildScriptCaches (32ms)
			SetupLoadedEditorAssemblies (200ms)
				LogAssemblyErrors (0ms)
				InitializePlatformSupportModulesInManaged (16ms)
				SetLoadedEditorAssemblies (0ms)
				RefreshPlugins (0ms)
				BeforeProcessingInitializeOnLoad (29ms)
				ProcessInitializeOnLoadAttributes (143ms)
				ProcessInitializeOnLoadMethodAttributes (10ms)
				AfterProcessingInitializeOnLoad (1ms)
				EditorAssembliesLoaded (0ms)
			ExecutionOrderSort2 (0ms)
			AwakeInstancesAfterBackupRestoration (3ms)
Platform modules already initialized, skipping
Refreshing native plugins compatible for Editor in 1.06 ms, found 1 plugins.
Preloading 0 native plugins for Editor in 0.00 ms.
Unloading 1817 Unused Serialized files (Serialized files now loaded: 0)
Unloading 45 unused Assets / (23.0 KB). Loaded Objects now: 2318.
Memory consumption went from 192.7 MB to 192.7 MB.
Total: 1.869458 ms (FindLiveObjects: 0.086458 ms CreateObjectMapping: 0.028542 ms MarkObjects: 1.738791 ms  DeleteObjects: 0.015500 ms)

AssetImportParameters requested are different than current active one (requested -> active):
  custom:video-decoder-ogg-theora: a1e56fd34408186e4bbccfd4996cb3dc -> 
  custom:container-muxer-webm: aa71ff27fc2769a1b78a27578f13a17b -> 
  custom:container-demuxer-webm: 4f35f7cbe854078d1ac9338744f61a02 -> 
  custom:video-encoder-webm-vp8: eb34c28f22e8b96e1ab97ce403110664 -> 
  custom:framework-osx-AVFoundation: e770b220cccbd017edd2c1fefb359320 -> 
  custom:audio-encoder-webm-vorbis: bf7c407c2cedff20999df2af8eb42d56 -> 
  custom:container-demuxer-ogg: 62fdf1f143b41e24485cea50d1cbac27 -> 
  custom:video-decoder-webm-vp8: 9c59270c3fd7afecdb556c50c9e8de78 -> 
  custom:audio-decoder-ogg-vorbis: bf7c407c2cedff20999df2af8eb42d56 -> 
========================================================================
Received Import Request.
  Time since last request: 329.097252 seconds.
  path: Assets/lyxEngine/Editor/NativeLocale/iOS/zh-Hans-CN.lproj/InfoPlist.strings
  artifactKey: Guid(97b10b24edbe442fa959740014b3bb90) Importer(815301076,1909f56bfc062723c751e8b465ee728b)
Start importing Assets/lyxEngine/Editor/NativeLocale/iOS/zh-Hans-CN.lproj/InfoPlist.strings using Guid(97b10b24edbe442fa959740014b3bb90) Importer(815301076,1909f56bfc062723c751e8b465ee728b)  -> (artifact id: '57691aba4bfa3baba6817564af798cca') in 0.007965 seconds 
========================================================================
Received Prepare
Refreshing native plugins compatible for Editor in 7.95 ms, found 1 plugins.
Preloading 0 native plugins for Editor in 0.00 ms.
Unloading 46 Unused Serialized files (Serialized files now loaded: 0)
Unloading 45 unused Assets / (22.9 KB). Loaded Objects now: 2318.
Memory consumption went from 156.1 MB to 156.1 MB.
Total: 5.650625 ms (FindLiveObjects: 0.143875 ms CreateObjectMapping: 0.029750 ms MarkObjects: 5.451958 ms  DeleteObjects: 0.024875 ms)

AssetImportParameters requested are different than current active one (requested -> active):
  custom:video-decoder-ogg-theora: a1e56fd34408186e4bbccfd4996cb3dc -> 
  custom:container-muxer-webm: aa71ff27fc2769a1b78a27578f13a17b -> 
  custom:container-demuxer-webm: 4f35f7cbe854078d1ac9338744f61a02 -> 
  custom:video-encoder-webm-vp8: eb34c28f22e8b96e1ab97ce403110664 -> 
  custom:framework-osx-AVFoundation: e770b220cccbd017edd2c1fefb359320 -> 
  custom:audio-encoder-webm-vorbis: bf7c407c2cedff20999df2af8eb42d56 -> 
  custom:container-demuxer-ogg: 62fdf1f143b41e24485cea50d1cbac27 -> 
  custom:video-decoder-webm-vp8: 9c59270c3fd7afecdb556c50c9e8de78 -> 
  custom:audio-decoder-ogg-vorbis: bf7c407c2cedff20999df2af8eb42d56 -> 
[usbmuxd] Attached: 291 00008110-000A01510CB8801E
========================================================================
Received Prepare
Refreshing native plugins compatible for Editor in 2.48 ms, found 1 plugins.
Preloading 0 native plugins for Editor in 0.00 ms.
Unloading 46 Unused Serialized files (Serialized files now loaded: 0)
Unloading 45 unused Assets / (22.9 KB). Loaded Objects now: 2318.
Memory consumption went from 154.9 MB to 154.9 MB.
Total: 6.285750 ms (FindLiveObjects: 0.125542 ms CreateObjectMapping: 0.030291 ms MarkObjects: 6.113333 ms  DeleteObjects: 0.016375 ms)

AssetImportParameters requested are different than current active one (requested -> active):
  custom:video-decoder-ogg-theora: a1e56fd34408186e4bbccfd4996cb3dc -> 
  custom:container-muxer-webm: aa71ff27fc2769a1b78a27578f13a17b -> 
  custom:container-demuxer-webm: 4f35f7cbe854078d1ac9338744f61a02 -> 
  custom:video-encoder-webm-vp8: eb34c28f22e8b96e1ab97ce403110664 -> 
  custom:framework-osx-AVFoundation: e770b220cccbd017edd2c1fefb359320 -> 
  custom:audio-encoder-webm-vorbis: bf7c407c2cedff20999df2af8eb42d56 -> 
  custom:container-demuxer-ogg: 62fdf1f143b41e24485cea50d1cbac27 -> 
  custom:video-decoder-webm-vp8: 9c59270c3fd7afecdb556c50c9e8de78 -> 
  custom:audio-decoder-ogg-vorbis: bf7c407c2cedff20999df2af8eb42d56 -> 
[usbmuxd] Detached: 291 00008110-000A01510CB8801E
[usbmuxd] Attached: 293 00008110-000A01510CB8801E
[usbmuxd] Detached: 293 00008110-000A01510CB8801E
[usbmuxd] Attached: 294 00008110-000A01510CB8801E
[usbmuxd] Detached: 294 00008110-000A01510CB8801E
========================================================================
Received Import Request.
  Time since last request: 7820.218761 seconds.
  path: Assets/lyxEngine/Editor/NativeLocale/iOS/en-AU.lproj
  artifactKey: Guid(07564ef1966bc41a5835c805421dfc30) Importer(815301076,1909f56bfc062723c751e8b465ee728b)
Start importing Assets/lyxEngine/Editor/NativeLocale/iOS/en-AU.lproj using Guid(07564ef1966bc41a5835c805421dfc30) Importer(815301076,1909f56bfc062723c751e8b465ee728b)  -> (artifact id: '8544b49d2269444e932ab100e4219f29') in 0.007901 seconds 
========================================================================
Received Import Request.
  Time since last request: 3.620127 seconds.
  path: Assets/lyxEngine/Editor/NativeLocale/iOS/zh-Hant.lproj
  artifactKey: Guid(3813e8dcecf4a43178e374829fe0aa36) Importer(815301076,1909f56bfc062723c751e8b465ee728b)
Start importing Assets/lyxEngine/Editor/NativeLocale/iOS/zh-Hant.lproj using Guid(3813e8dcecf4a43178e374829fe0aa36) Importer(815301076,1909f56bfc062723c751e8b465ee728b)  -> (artifact id: 'b026464d7343708e5787293a7e91a94b') in 0.000724 seconds 
========================================================================
Received Import Request.
  Time since last request: 7.690823 seconds.
  path: Assets/lyxEngine/Editor/NativeLocale/iOS/zh-Hant 1.lproj
  artifactKey: Guid(3f21706545cc243d58a37816da64505f) Importer(815301076,1909f56bfc062723c751e8b465ee728b)
Start importing Assets/lyxEngine/Editor/NativeLocale/iOS/zh-Hant 1.lproj using Guid(3f21706545cc243d58a37816da64505f) Importer(815301076,1909f56bfc062723c751e8b465ee728b)  -> (artifact id: '94abb99290436d0674cd29e7e96928f7') in 0.000680 seconds 
========================================================================
Received Prepare
Registering precompiled user dll's ...
Registered in 0.001998 seconds.
Begin MonoManager ReloadAssembly
Thread 0x2816ab000 may have been prematurely finalized
Native extension for iOS target not found
Native extension for Android target not found
Native extension for OSXStandalone target not found
Refreshing native plugins compatible for Editor in 0.42 ms, found 1 plugins.
Preloading 0 native plugins for Editor in 0.00 ms.
Mono: successfully reloaded assembly
- Completed reload, in  0.695 seconds
Domain Reload Profiling:
	ReloadAssembly (697ms)
		BeginReloadAssembly (188ms)
			ExecutionOrderSort (0ms)
			DisableScriptedObjects (11ms)
			BackupInstance (0ms)
			ReleaseScriptingObjects (0ms)
			CreateAndSetChildDomain (43ms)
		EndReloadAssembly (455ms)
			LoadAssemblies (113ms)
			RebuildTransferFunctionScriptingTraits (0ms)
			SetupTypeCache (108ms)
			ReleaseScriptCaches (1ms)
			RebuildScriptCaches (35ms)
			SetupLoadedEditorAssemblies (252ms)
				LogAssemblyErrors (0ms)
				InitializePlatformSupportModulesInManaged (55ms)
				SetLoadedEditorAssemblies (0ms)
				RefreshPlugins (0ms)
				BeforeProcessingInitializeOnLoad (31ms)
				ProcessInitializeOnLoadAttributes (153ms)
				ProcessInitializeOnLoadMethodAttributes (11ms)
				AfterProcessingInitializeOnLoad (1ms)
				EditorAssembliesLoaded (0ms)
			ExecutionOrderSort2 (0ms)
			AwakeInstancesAfterBackupRestoration (3ms)
Platform modules already initialized, skipping
Refreshing native plugins compatible for Editor in 1.19 ms, found 1 plugins.
Preloading 0 native plugins for Editor in 0.00 ms.
Unloading 1817 Unused Serialized files (Serialized files now loaded: 0)
Unloading 45 unused Assets / (23.0 KB). Loaded Objects now: 2322.
Memory consumption went from 193.4 MB to 193.4 MB.
Total: 2.078417 ms (FindLiveObjects: 0.074417 ms CreateObjectMapping: 0.028375 ms MarkObjects: 1.954291 ms  DeleteObjects: 0.021125 ms)

AssetImportParameters requested are different than current active one (requested -> active):
  custom:video-decoder-ogg-theora: a1e56fd34408186e4bbccfd4996cb3dc -> 
  custom:container-muxer-webm: aa71ff27fc2769a1b78a27578f13a17b -> 
  custom:container-demuxer-webm: 4f35f7cbe854078d1ac9338744f61a02 -> 
  custom:video-encoder-webm-vp8: eb34c28f22e8b96e1ab97ce403110664 -> 
  custom:framework-osx-AVFoundation: e770b220cccbd017edd2c1fefb359320 -> 
  custom:audio-encoder-webm-vorbis: bf7c407c2cedff20999df2af8eb42d56 -> 
  custom:container-demuxer-ogg: 62fdf1f143b41e24485cea50d1cbac27 -> 
  custom:video-decoder-webm-vp8: 9c59270c3fd7afecdb556c50c9e8de78 -> 
  custom:audio-decoder-ogg-vorbis: bf7c407c2cedff20999df2af8eb42d56 -> 
========================================================================
Received Import Request.
  Time since last request: 1140.557024 seconds.
  path: Assets/lyxEngine/Editor/NativeLocale/iOS/en-AU.lproj
  artifactKey: Guid(3f21706545cc243d58a37816da64505f) Importer(815301076,1909f56bfc062723c751e8b465ee728b)
Start importing Assets/lyxEngine/Editor/NativeLocale/iOS/en-AU.lproj using Guid(3f21706545cc243d58a37816da64505f) Importer(815301076,1909f56bfc062723c751e8b465ee728b)  -> (artifact id: '2a6cb2bdafc5034bbd6f581b1fb47a92') in 0.004941 seconds 
========================================================================
Received Import Request.
  Time since last request: 4.326626 seconds.
  path: Assets/lyxEngine/Editor/NativeLocale/iOS/en-AU 1.lproj
  artifactKey: Guid(a9a154fbb3dfa42ebb152a1b0f169a7e) Importer(815301076,1909f56bfc062723c751e8b465ee728b)
Start importing Assets/lyxEngine/Editor/NativeLocale/iOS/en-AU 1.lproj using Guid(a9a154fbb3dfa42ebb152a1b0f169a7e) Importer(815301076,1909f56bfc062723c751e8b465ee728b)  -> (artifact id: 'b52a1565d649fc0618bec0161ff7ad2f') in 0.000746 seconds 
========================================================================
Received Import Request.
  Time since last request: 14.921050 seconds.
  path: Assets/lyxEngine/Editor/NativeLocale/iOS/en-GB.lproj
  artifactKey: Guid(a9a154fbb3dfa42ebb152a1b0f169a7e) Importer(815301076,1909f56bfc062723c751e8b465ee728b)
Start importing Assets/lyxEngine/Editor/NativeLocale/iOS/en-GB.lproj using Guid(a9a154fbb3dfa42ebb152a1b0f169a7e) Importer(815301076,1909f56bfc062723c751e8b465ee728b)  -> (artifact id: '45664f29e4d929e8d4721cde501216ac') in 0.001273 seconds 
========================================================================
Received Import Request.
  Time since last request: 154.818643 seconds.
  path: Assets/lyxEngine/Editor/NativeLocale/iOS/en-GB 1.lproj
  artifactKey: Guid(a1c41106f717c44e78b05f3836e03b84) Importer(815301076,1909f56bfc062723c751e8b465ee728b)
Start importing Assets/lyxEngine/Editor/NativeLocale/iOS/en-GB 1.lproj using Guid(a1c41106f717c44e78b05f3836e03b84) Importer(815301076,1909f56bfc062723c751e8b465ee728b)  -> (artifact id: '205e0984da23f7a14759d607a571a53c') in 0.001252 seconds 
========================================================================
Received Import Request.
  Time since last request: 86.666851 seconds.
  path: Assets/lyxEngine/Editor/NativeLocale/iOS/en.lproj
  artifactKey: Guid(a1c41106f717c44e78b05f3836e03b84) Importer(815301076,1909f56bfc062723c751e8b465ee728b)
Start importing Assets/lyxEngine/Editor/NativeLocale/iOS/en.lproj using Guid(a1c41106f717c44e78b05f3836e03b84) Importer(815301076,1909f56bfc062723c751e8b465ee728b)  -> (artifact id: '968c2bdb865209ff6ddb3dd2ebf0c1a8') in 0.000864 seconds 
========================================================================
Received Prepare
Refreshing native plugins compatible for Editor in 2.57 ms, found 1 plugins.
Preloading 0 native plugins for Editor in 0.00 ms.
Unloading 46 Unused Serialized files (Serialized files now loaded: 0)
Unloading 45 unused Assets / (23.0 KB). Loaded Objects now: 2322.
Memory consumption went from 157.0 MB to 156.9 MB.
Total: 5.681500 ms (FindLiveObjects: 0.126333 ms CreateObjectMapping: 0.028708 ms MarkObjects: 5.509167 ms  DeleteObjects: 0.017000 ms)

AssetImportParameters requested are different than current active one (requested -> active):
  custom:video-decoder-ogg-theora: a1e56fd34408186e4bbccfd4996cb3dc -> 
  custom:container-muxer-webm: aa71ff27fc2769a1b78a27578f13a17b -> 
  custom:container-demuxer-webm: 4f35f7cbe854078d1ac9338744f61a02 -> 
  custom:video-encoder-webm-vp8: eb34c28f22e8b96e1ab97ce403110664 -> 
  custom:framework-osx-AVFoundation: e770b220cccbd017edd2c1fefb359320 -> 
  custom:audio-encoder-webm-vorbis: bf7c407c2cedff20999df2af8eb42d56 -> 
  custom:container-demuxer-ogg: 62fdf1f143b41e24485cea50d1cbac27 -> 
  custom:video-decoder-webm-vp8: 9c59270c3fd7afecdb556c50c9e8de78 -> 
  custom:audio-decoder-ogg-vorbis: bf7c407c2cedff20999df2af8eb42d56 -> 
